#
# A fatal error has been detected by the Java Runtime Environment:
#
#  EXCEPTION_ACCESS_VIOLATION (0xc0000005) at pc=0x000000005a35bff0, pid=8772, tid=0x00000000000002f0
#
# JRE version: Java(TM) SE Runtime Environment (8.0_211-b12) (build 1.8.0_211-b12)
# Java VM: Java HotSpot(TM) 64-Bit Server VM (25.211-b12 mixed mode windows-amd64 compressed oops)
# Problematic frame:
# C  [nvoglv64.dll+0xecbff0]
#
# Failed to write core dump. Minidumps are not enabled by default on client versions of Windows
#
# If you would like to submit a bug report, please visit:
#   http://bugreport.java.com/bugreport/crash.jsp
# The crash happened outside the Java Virtual Machine in native code.
# See problematic frame for where to report the bug.
#

---------------  T H R E A D  ---------------

Current thread (0x0000000002a54000):  JavaThread "Client thread" [_thread_in_native, id=752, stack(0x0000000002950000,0x0000000002a50000)]

siginfo: ExceptionCode=0xc0000005, reading address 0x0000000000000000

Registers:
RAX=0x0000000000000040, RBX=0x000000001b60eed8, RCX=0x000000001beb52a4, RDX=0xffffffffe414ad5c
RSP=0x0000000002a4f198, RBP=0x0000000000000108, RSI=0x0000000000000004, RDI=0x000000001beb52a4
R8 =0x0000000000000040, R9 =0x000000000df23e08, R10=0x0000000000000000, R11=0x000000001beb52a4
R12=0x0000000000000000, R13=0x0000000059490000, R14=0x0000000000000003, R15=0x000000001b60ee18
RIP=0x000000005a35bff0, EFLAGS=0x0000000000010287

Top of Stack: (sp=0x0000000002a4f198)
0x0000000002a4f198:   0000000059e4fe8a 00000000286d5378
0x0000000002a4f1a8:   0000000002a4f2e8 000000000101ec50
0x0000000002a4f1b8:   0000000059cc3c0b 0000000002a54000
0x0000000002a4f1c8:   0000000000000004 0000000000000000
0x0000000002a4f1d8:   000000000005010b 000000001b60ee18
0x0000000002a4f1e8:   0000000059e50c74 000000001b60e080
0x0000000002a4f1f8:   0000000000000007 0000000000000000
0x0000000002a4f208:   0000000002b68ad7 0000000002a54000
0x0000000002a4f218:   0000000002a4f2e8 00000000286d5370
0x0000000002a4f228:   0000000000000000 0000000002b5835d
0x0000000002a4f238:   0000000002b68c67 00000000286d5378
0x0000000002a4f248:   0000000002a4f2b8 0000000029dd9040
0x0000000002a4f258:   00000000286d5378 0000000000000004
0x0000000002a4f268:   0000000002a54000 0000000002b68962
0x0000000002a4f278:   0000000002a4f278 00000000286d5370
0x0000000002a4f288:   0000000002a4f2e8 00000000286dfde8 

Instructions: (pc=0x000000005a35bff0)
0x000000005a35bfd0:   29 41 c0 0f 29 49 d0 0f 10 44 0a e0 0f 10 4c 0a
0x000000005a35bfe0:   f0 75 ad 0f 29 41 e0 49 83 e0 7f 0f 28 c1 eb 0c
0x000000005a35bff0:   0f 10 04 0a 48 83 c1 10 49 83 e8 10 4d 8b c8 49
0x000000005a35c000:   c1 e9 04 74 1c 66 66 66 0f 1f 84 00 00 00 00 00 


Register to memory mapping:

RAX=0x0000000000000040 is an unknown value
RBX=0x000000001b60eed8 is an unknown value
RCX=0x000000001beb52a4 is an unknown value
RDX=0xffffffffe414ad5c is an unknown value
RSP=0x0000000002a4f198 is pointing into the stack for thread: 0x0000000002a54000
RBP=0x0000000000000108 is an unknown value
RSI=0x0000000000000004 is an unknown value
RDI=0x000000001beb52a4 is an unknown value
R8 =0x0000000000000040 is an unknown value
R9 =0x000000000df23e08 is an unknown value
R10=0x0000000000000000 is an unknown value
R11=0x000000001beb52a4 is an unknown value
R12=0x0000000000000000 is an unknown value
R13=0x0000000059490000 is an unknown value
R14=0x0000000000000003 is an unknown value
R15=0x000000001b60ee18 is an unknown value


Stack: [0x0000000002950000,0x0000000002a50000],  sp=0x0000000002a4f198,  free space=1020k
Native frames: (J=compiled Java code, j=interpreted, Vv=VM code, C=native code)
C  [nvoglv64.dll+0xecbff0]
C  [nvoglv64.dll+0x9bfe8a]
C  [nvoglv64.dll+0x9c0c74]
C  0x0000000002b68c67

Java frames: (J=compiled Java code, j=interpreted, Vv=VM code)
j  org.lwjgl.opengl.GL11C.glDrawArrays(III)V+0
j  org.lwjgl.opengl.GL11.glDrawArrays(III)V+3
j  net.minecraft.client.renderer.Tessellator.draw()I+261
j  net.minecraft.client.Minecraft.loadScreen()V+292
j  net.minecraft.client.Minecraft.startGame()V+663
j  net.minecraft.client.Minecraft.run()V+6
j  net.minecraft.client.main.Main.main([Ljava/lang/String;)V+992
j  Start.main([Ljava/lang/String;)V+66
v  ~StubRoutines::call_stub

---------------  P R O C E S S  ---------------

Java Threads: ( => current thread )
  0x0000000026904000 JavaThread "Java2D Disposer" daemon [_thread_blocked, id=14620, stack(0x0000000028560000,0x0000000028660000)]
  0x0000000018468800 JavaThread "Timer hack thread" daemon [_thread_blocked, id=17332, stack(0x0000000019d10000,0x0000000019e10000)]
  0x0000000018258800 JavaThread "Snooper Timer" daemon [_thread_blocked, id=6364, stack(0x0000000019c10000,0x0000000019d10000)]
  0x0000000016794800 JavaThread "Service Thread" daemon [_thread_blocked, id=19348, stack(0x0000000017300000,0x0000000017400000)]
  0x000000001673f800 JavaThread "C1 CompilerThread2" daemon [_thread_blocked, id=20340, stack(0x0000000017200000,0x0000000017300000)]
  0x0000000016718800 JavaThread "C2 CompilerThread1" daemon [_thread_blocked, id=11416, stack(0x0000000017100000,0x0000000017200000)]
  0x0000000016717000 JavaThread "C2 CompilerThread0" daemon [_thread_blocked, id=10080, stack(0x0000000017000000,0x0000000017100000)]
  0x0000000016714000 JavaThread "Attach Listener" daemon [_thread_blocked, id=17832, stack(0x0000000016f00000,0x0000000017000000)]
  0x0000000016712800 JavaThread "Signal Dispatcher" daemon [_thread_blocked, id=10120, stack(0x0000000016e00000,0x0000000016f00000)]
  0x0000000016711800 JavaThread "Surrogate Locker Thread (Concurrent GC)" daemon [_thread_blocked, id=15692, stack(0x0000000016d00000,0x0000000016e00000)]
  0x0000000015cd4800 JavaThread "Finalizer" daemon [_thread_blocked, id=19356, stack(0x0000000016ae0000,0x0000000016be0000)]
  0x0000000015ccd800 JavaThread "Reference Handler" daemon [_thread_blocked, id=14192, stack(0x00000000165e0000,0x00000000166e0000)]
=>0x0000000002a54000 JavaThread "Client thread" [_thread_in_native, id=752, stack(0x0000000002950000,0x0000000002a50000)]

Other Threads:
  0x0000000015cc3800 VMThread [stack: 0x00000000164e0000,0x00000000165e0000] [id=4972]
  0x00000000167cc000 WatcherThread [stack: 0x0000000017400000,0x0000000017500000] [id=9964]

VM state:not at safepoint (normal execution)

VM Mutex/Monitor currently owned by a thread: None

heap address: 0x00000000c0000000, size: 1024 MB, Compressed Oops mode: 32-bit
Narrow klass base: 0x0000000000000000, Narrow klass shift: 3
Compressed class space size: 1073741824 Address: 0x0000000100000000

Heap:
 par new generation   total 306688K, used 138421K [0x00000000c0000000, 0x00000000d4cc0000, 0x00000000d4cc0000)
  eden space 272640K,  50% used [0x00000000c0000000, 0x00000000c872d790, 0x00000000d0a40000)
  from space 34048K,   0% used [0x00000000d0a40000, 0x00000000d0a40000, 0x00000000d2b80000)
  to   space 34048K,   0% used [0x00000000d2b80000, 0x00000000d2b80000, 0x00000000d4cc0000)
 concurrent mark-sweep generation total 707840K, used 0K [0x00000000d4cc0000, 0x0000000100000000, 0x0000000100000000)
 Metaspace       used 29083K, capacity 29350K, committed 29520K, reserved 1075200K
  class space    used 3522K, capacity 3609K, committed 3656K, reserved 1048576K

Card table byte_map: [0x0000000012310000,0x0000000012520000] byte_map_base: 0x0000000011d10000

Marking Bits: (CMSBitMap*) 0x0000000002aac558
 Bits: [0x0000000012ac0000, 0x000000001358d000)

Mod Union Table: (CMSBitMap*) 0x0000000002aac618
 Bits: [0x0000000001030000, 0x000000000105b340)

Polling page: 0x0000000000ff0000

CodeCache: size=245760Kb used=5925Kb max_used=5929Kb free=239834Kb
 bounds [0x0000000002b50000, 0x0000000003120000, 0x0000000011b50000]
 total_blobs=2703 nmethods=1627 adapters=988
 compilation: enabled

Compilation events (10 events):
Event: 4.541 Thread 0x0000000016718800 nmethod 1626 0x0000000003117f50 code [0x0000000003118120, 0x0000000003118578]
Event: 4.541 Thread 0x0000000016718800 1622       4       java.awt.image.ComponentColorModel::getRGBComponent (111 bytes)
Event: 4.542 Thread 0x0000000016718800 nmethod 1622 0x0000000003112150 code [0x00000000031122a0, 0x0000000003112368]
Event: 4.542 Thread 0x0000000016718800 1623       4       java.awt.image.ComponentColorModel::extractComponent (530 bytes)
Event: 4.543 Thread 0x000000001673f800 1627 %     3       java.awt.image.BufferedImage::getRGB @ 173 (231 bytes)
Event: 4.544 Thread 0x000000001673f800 nmethod 1627% 0x0000000003118d90 code [0x0000000003118fe0, 0x000000000311a3d8]
Event: 4.544 Thread 0x000000001673f800 1628       3       java.awt.image.BufferedImage::getRGB (231 bytes)
Event: 4.545 Thread 0x0000000016718800 nmethod 1623 0x0000000003116690 code [0x0000000003116840, 0x0000000003116d18]
Event: 4.545 Thread 0x000000001673f800 nmethod 1628 0x000000000311ae50 code [0x000000000311b0a0, 0x000000000311c2d8]
Event: 4.546 Thread 0x0000000016717000 nmethod 1625 0x000000000311db10 code [0x000000000311dd00, 0x000000000311e388]

GC Heap History (0 events):
No events

Deoptimization events (10 events):
Event: 2.717 Thread 0x0000000002a54000 Uncommon trap: reason=class_check action=maybe_recompile pc=0x0000000002ea12f0 method=java.lang.ClassLoader.loadClass(Ljava/lang/String;)Ljava/lang/Class; @ 3
Event: 2.785 Thread 0x0000000002a54000 Uncommon trap: reason=class_check action=maybe_recompile pc=0x0000000002ea12f0 method=java.lang.ClassLoader.loadClass(Ljava/lang/String;)Ljava/lang/Class; @ 3
Event: 4.460 Thread 0x0000000002a54000 Uncommon trap: reason=bimorphic action=maybe_recompile pc=0x0000000002ea6fcc method=java.util.zip.InflaterInputStream.read([BII)I @ 100
Event: 4.460 Thread 0x0000000002a54000 Uncommon trap: reason=bimorphic action=maybe_recompile pc=0x0000000002ea6fcc method=java.util.zip.InflaterInputStream.read([BII)I @ 100
Event: 4.462 Thread 0x0000000002a54000 Uncommon trap: reason=bimorphic action=maybe_recompile pc=0x0000000002ea6fcc method=java.util.zip.InflaterInputStream.read([BII)I @ 100
Event: 4.462 Thread 0x0000000002a54000 Uncommon trap: reason=bimorphic action=maybe_recompile pc=0x0000000002ea6fcc method=java.util.zip.InflaterInputStream.read([BII)I @ 100
Event: 4.515 Thread 0x0000000002a54000 Uncommon trap: reason=unstable_if action=reinterpret pc=0x0000000002fff38c method=java.io.BufferedReader.readLine(Z)Ljava/lang/String; @ 153
Event: 4.518 Thread 0x0000000002a54000 Uncommon trap: reason=unstable_if action=reinterpret pc=0x0000000002f913ec method=com.google.gson.stream.JsonReader.nextNonWhitespace(Z)I @ 61
Event: 4.518 Thread 0x0000000002a54000 Uncommon trap: reason=unstable_if action=reinterpret pc=0x0000000002f9d344 method=com.google.gson.stream.JsonReader.nextQuotedValue(C)Ljava/lang/String; @ 81
Event: 4.520 Thread 0x0000000002a54000 Uncommon trap: reason=unstable_if action=reinterpret pc=0x0000000002ddb6c8 method=java.lang.ThreadLocal$ThreadLocalMap.getEntry(Ljava/lang/ThreadLocal;)Ljava/lang/ThreadLocal$ThreadLocalMap$Entry; @ 29

Classes redefined (0 events):
No events

Internal exceptions (10 events):
Event: 0.358 Thread 0x0000000002a54000 Exception <a 'java/lang/ArrayIndexOutOfBoundsException'> (0x00000000c0ae83f0) thrown at [C:\re\workspace\8-2-build-windows-amd64-cygwin\jdk8u211\12973\hotspot\src\share\vm\runtime\sharedRuntime.cpp, line 605]
Event: 0.358 Thread 0x0000000002a54000 Exception <a 'java/lang/ArrayIndexOutOfBoundsException'> (0x00000000c0aea320) thrown at [C:\re\workspace\8-2-build-windows-amd64-cygwin\jdk8u211\12973\hotspot\src\share\vm\runtime\sharedRuntime.cpp, line 605]
Event: 0.366 Thread 0x0000000002a54000 Exception <a 'java/lang/ArrayIndexOutOfBoundsException'> (0x00000000c0b10118) thrown at [C:\re\workspace\8-2-build-windows-amd64-cygwin\jdk8u211\12973\hotspot\src\share\vm\runtime\sharedRuntime.cpp, line 605]
Event: 0.376 Thread 0x0000000002a54000 Exception <a 'java/lang/ArrayIndexOutOfBoundsException'> (0x00000000c0b226a0) thrown at [C:\re\workspace\8-2-build-windows-amd64-cygwin\jdk8u211\12973\hotspot\src\share\vm\runtime\sharedRuntime.cpp, line 605]
Event: 1.551 Thread 0x0000000002a54000 Implicit null exception at 0x0000000002d9c016 to 0x0000000002d9c3a9
Event: 1.551 Thread 0x0000000002a54000 Implicit null exception at 0x0000000002d64616 to 0x0000000002d649a5
Event: 1.919 Thread 0x0000000002a54000 Exception <a 'java/lang/NoSuchMethodError': java.lang.Object.lambda$static$0(Ljava/lang/String;)Ljava/lang/Boolean;> (0x00000000c54c16b0) thrown at [C:\re\workspace\8-2-build-windows-amd64-cygwin\jdk8u211\12973\hotspot\src\share\vm\interpreter\linkResolve
Event: 1.934 Thread 0x0000000002a54000 Exception <a 'java/lang/NoSuchFieldError': method resolution failed> (0x00000000c5539340) thrown at [C:\re\workspace\8-2-build-windows-amd64-cygwin\jdk8u211\12973\hotspot\src\share\vm\prims\methodHandles.cpp, line 1167]
Event: 1.935 Thread 0x0000000002a54000 Exception <a 'java/lang/NoSuchFieldError': method resolution failed> (0x00000000c5546630) thrown at [C:\re\workspace\8-2-build-windows-amd64-cygwin\jdk8u211\12973\hotspot\src\share\vm\prims\methodHandles.cpp, line 1167]
Event: 2.725 Thread 0x0000000002a54000 Exception <a 'java/io/FileNotFoundException'> (0x00000000c60dfa08) thrown at [C:\re\workspace\8-2-build-windows-amd64-cygwin\jdk8u211\12973\hotspot\src\share\vm\prims\jni.cpp, line 710]

Events (10 events):
Event: 4.519 loading class com/google/gson/internal/bind/JsonTreeReader$1 done
Event: 4.520 Thread 0x0000000002a54000 Uncommon trap: trap_request=0xffffff65 fr.pc=0x0000000002ddb6c8
Event: 4.520 Thread 0x0000000002a54000 DEOPT PACKING pc=0x0000000002ddb6c8 sp=0x0000000002a4ef50
Event: 4.520 Thread 0x0000000002a54000 DEOPT UNPACKING pc=0x0000000002b9583b sp=0x0000000002a4ee20 mode 2
Event: 4.522 loading class com/google/gson/internal/Primitives
Event: 4.522 loading class com/google/gson/internal/Primitives done
Event: 4.523 loading class com/google/common/cache/LocalCache$AccessQueue
Event: 4.523 loading class com/google/common/cache/LocalCache$AccessQueue done
Event: 4.523 loading class com/google/common/cache/LocalCache$AccessQueue$1
Event: 4.523 loading class com/google/common/cache/LocalCache$AccessQueue$1 done


Dynamic libraries:
0x00007ff7a3640000 - 0x00007ff7a3677000 	C:\Program Files\Java\jre1.8.0_211\bin\javaw.exe
0x00007ffc47200000 - 0x00007ffc473ed000 	C:\WINDOWS\SYSTEM32\ntdll.dll
0x00007ffc1d6a0000 - 0x00007ffc1d6b2000 	C:\Program Files\AVAST Software\Avast\aswhook.dll
0x00007ffc445e0000 - 0x00007ffc44693000 	C:\WINDOWS\System32\KERNEL32.DLL
0x00007ffc43670000 - 0x00007ffc43903000 	C:\WINDOWS\System32\KERNELBASE.dll
0x00007ffc44940000 - 0x00007ffc449e3000 	C:\WINDOWS\System32\ADVAPI32.dll
0x00007ffc443a0000 - 0x00007ffc4443e000 	C:\WINDOWS\System32\msvcrt.dll
0x00007ffc44280000 - 0x00007ffc4431e000 	C:\WINDOWS\System32\sechost.dll
0x00007ffc44810000 - 0x00007ffc44932000 	C:\WINDOWS\System32\RPCRT4.dll
0x00007ffc45030000 - 0x00007ffc451c7000 	C:\WINDOWS\System32\USER32.dll
0x00007ffc429d0000 - 0x00007ffc429f0000 	C:\WINDOWS\System32\win32u.dll
0x00007ffc43d90000 - 0x00007ffc43db9000 	C:\WINDOWS\System32\GDI32.dll
0x00007ffc43190000 - 0x00007ffc4332a000 	C:\WINDOWS\System32\gdi32full.dll
0x00007ffc42930000 - 0x00007ffc429d0000 	C:\WINDOWS\System32\msvcp_win.dll
0x00007ffc43510000 - 0x00007ffc4360a000 	C:\WINDOWS\System32\ucrtbase.dll
0x00007ffc252b0000 - 0x00007ffc25529000 	C:\WINDOWS\WinSxS\amd64_microsoft.windows.common-controls_6595b64144ccf1df_6.0.17763.557_none_05b63f68071e5b9f\COMCTL32.dll
0x00007ffc451d0000 - 0x00007ffc454fc000 	C:\WINDOWS\System32\combase.dll
0x00007ffc43910000 - 0x00007ffc4398e000 	C:\WINDOWS\System32\bcryptPrimitives.dll
0x00007ffc44250000 - 0x00007ffc4427e000 	C:\WINDOWS\System32\IMM32.DLL
0x000000005bb50000 - 0x000000005bc22000 	C:\Program Files\Java\jre1.8.0_211\bin\msvcr100.dll
0x000000005bc30000 - 0x000000005c4d5000 	C:\Program Files\Java\jre1.8.0_211\bin\server\jvm.dll
0x00007ffc44f90000 - 0x00007ffc44f98000 	C:\WINDOWS\System32\PSAPI.DLL
0x00007ffc364d0000 - 0x00007ffc364d9000 	C:\WINDOWS\SYSTEM32\WSOCK32.dll
0x00007ffc44570000 - 0x00007ffc445dd000 	C:\WINDOWS\System32\WS2_32.dll
0x00007ffc3f610000 - 0x00007ffc3f634000 	C:\WINDOWS\SYSTEM32\WINMM.dll
0x00007ffc3e250000 - 0x00007ffc3e25a000 	C:\WINDOWS\SYSTEM32\VERSION.dll
0x00007ffc3f5e0000 - 0x00007ffc3f60d000 	C:\WINDOWS\SYSTEM32\WINMMBASE.dll
0x00007ffc43140000 - 0x00007ffc4318a000 	C:\WINDOWS\System32\cfgmgr32.dll
0x00007ffc3f730000 - 0x00007ffc3f73f000 	C:\Program Files\Java\jre1.8.0_211\bin\verify.dll
0x00007ffc2c7e0000 - 0x00007ffc2c809000 	C:\Program Files\Java\jre1.8.0_211\bin\java.dll
0x00007ffc2c7c0000 - 0x00007ffc2c7d6000 	C:\Program Files\Java\jre1.8.0_211\bin\zip.dll
0x00007ffc45860000 - 0x00007ffc46d50000 	C:\WINDOWS\System32\SHELL32.dll
0x00007ffc449f0000 - 0x00007ffc44a98000 	C:\WINDOWS\System32\shcore.dll
0x00007ffc429f0000 - 0x00007ffc4313a000 	C:\WINDOWS\System32\windows.storage.dll
0x00007ffc42900000 - 0x00007ffc42924000 	C:\WINDOWS\System32\profapi.dll
0x00007ffc42860000 - 0x00007ffc428bd000 	C:\WINDOWS\System32\powrprof.dll
0x00007ffc43d30000 - 0x00007ffc43d82000 	C:\WINDOWS\System32\shlwapi.dll
0x00007ffc428e0000 - 0x00007ffc428f1000 	C:\WINDOWS\System32\kernel.appcore.dll
0x00007ffc43990000 - 0x00007ffc439a7000 	C:\WINDOWS\System32\cryptsp.dll
0x00007ffc33a70000 - 0x00007ffc33a7d000 	C:\Program Files\Java\jre1.8.0_211\bin\management.dll
0x00007ffc2c620000 - 0x00007ffc2c63a000 	C:\Program Files\Java\jre1.8.0_211\bin\net.dll
0x00007ffc43a90000 - 0x00007ffc43c67000 	C:\WINDOWS\System32\urlmon.dll
0x00007ffc45500000 - 0x00007ffc457a8000 	C:\WINDOWS\System32\iertutil.dll
0x00007ffc422b0000 - 0x00007ffc422bc000 	C:\WINDOWS\SYSTEM32\CRYPTBASE.DLL
0x00007ffc420e0000 - 0x00007ffc42147000 	C:\WINDOWS\system32\mswsock.dll
0x00007ffc2c600000 - 0x00007ffc2c612000 	C:\Program Files\Java\jre1.8.0_211\bin\nio.dll
0x00007ffc25820000 - 0x00007ffc25836000 	C:\WINDOWS\system32\napinsp.dll
0x00007ffc25720000 - 0x00007ffc2573a000 	C:\WINDOWS\system32\pnrpnsp.dll
0x00007ffc41e80000 - 0x00007ffc41f46000 	C:\WINDOWS\SYSTEM32\DNSAPI.dll
0x00007ffc43f60000 - 0x00007ffc43f68000 	C:\WINDOWS\System32\NSI.dll
0x00007ffc41e40000 - 0x00007ffc41e7d000 	C:\WINDOWS\SYSTEM32\IPHLPAPI.DLL
0x00007ffc256f0000 - 0x00007ffc256fe000 	C:\WINDOWS\System32\winrnr.dll
0x00007ffc3e350000 - 0x00007ffc3e36b000 	C:\WINDOWS\system32\NLAapi.dll
0x00007ffc256d0000 - 0x00007ffc256e5000 	C:\WINDOWS\system32\wshbth.dll
0x00007ffc377d0000 - 0x00007ffc37849000 	C:\WINDOWS\System32\fwpuclnt.dll
0x00007ffc43a60000 - 0x00007ffc43a86000 	C:\WINDOWS\System32\bcrypt.dll
0x00007ffc38c70000 - 0x00007ffc38c7a000 	C:\Windows\System32\rasadhlp.dll
0x00007ffc2afd0000 - 0x00007ffc2b042000 	E:\all-Workspace\minecraft-Workspace\lwxjgl3-project-mcp908\jars\versions\1.7.10\1.7.10-natives\lwjgl.dll
0x00007ffc288d0000 - 0x00007ffc2892e000 	E:\all-Workspace\minecraft-Workspace\lwxjgl3-project-mcp908\jars\versions\1.7.10\1.7.10-natives\glfw.dll
0x00007ffc41ca0000 - 0x00007ffc41cd3000 	C:\WINDOWS\system32\rsaenh.dll
0x00007ffc42790000 - 0x00007ffc427b8000 	C:\WINDOWS\SYSTEM32\USERENV.dll
0x00007ffc3d690000 - 0x00007ffc3d6a6000 	C:\WINDOWS\SYSTEM32\dhcpcsvc6.DLL
0x00007ffc3dc10000 - 0x00007ffc3dc2c000 	C:\WINDOWS\SYSTEM32\dhcpcsvc.DLL
0x000000001a110000 - 0x000000001a2a9000 	C:\Program Files\Java\jre1.8.0_211\bin\awt.dll
0x00007ffc44180000 - 0x00007ffc44244000 	C:\WINDOWS\System32\OLEAUT32.dll
0x00007ffc40b40000 - 0x00007ffc40bcc000 	C:\WINDOWS\SYSTEM32\apphelp.dll
0x00007ffc40cc0000 - 0x00007ffc40d5c000 	C:\WINDOWS\system32\uxtheme.dll
0x00007ffc2af80000 - 0x00007ffc2afc4000 	C:\WINDOWS\SYSTEM32\dinput8.dll
0x00007ffc2c4d0000 - 0x00007ffc2c4e1000 	C:\WINDOWS\SYSTEM32\xinput1_4.dll
0x00007ffc42690000 - 0x00007ffc426b9000 	C:\WINDOWS\SYSTEM32\DEVOBJ.dll
0x00007ffc40f70000 - 0x00007ffc40f9e000 	C:\WINDOWS\SYSTEM32\dwmapi.dll
0x00007ffc43330000 - 0x00007ffc4350b000 	C:\WINDOWS\System32\CRYPT32.dll
0x00007ffc428c0000 - 0x00007ffc428d2000 	C:\WINDOWS\System32\MSASN1.dll
0x00007ffc36740000 - 0x00007ffc3680c000 	C:\WINDOWS\SYSTEM32\inputhost.dll
0x00007ffc40930000 - 0x00007ffc40a12000 	C:\WINDOWS\SYSTEM32\CoreMessaging.dll
0x00007ffc41050000 - 0x00007ffc4125d000 	C:\WINDOWS\SYSTEM32\twinapi.appcore.dll
0x00007ffc3e750000 - 0x00007ffc3ea72000 	C:\WINDOWS\SYSTEM32\CoreUIComponents.dll
0x00007ffc3fbb0000 - 0x00007ffc4016e000 	C:\WINDOWS\SYSTEM32\d2d1.dll
0x00007ffc40170000 - 0x00007ffc403ee000 	C:\WINDOWS\SYSTEM32\d3d11.dll
0x00007ffc3ef00000 - 0x00007ffc3f0a8000 	C:\WINDOWS\SYSTEM32\PROPSYS.dll
0x00007ffc3e4b0000 - 0x00007ffc3e603000 	C:\WINDOWS\SYSTEM32\wintypes.dll
0x00007ffc41260000 - 0x00007ffc41288000 	C:\WINDOWS\SYSTEM32\RMCLIENT.dll
0x00007ffc41920000 - 0x00007ffc41951000 	C:\WINDOWS\SYSTEM32\ntmarta.dll
0x00007ffc416b0000 - 0x00007ffc41772000 	C:\WINDOWS\SYSTEM32\dxgi.dll
0x00007ffc446a0000 - 0x00007ffc4480b000 	C:\WINDOWS\System32\MSCTF.dll
0x00007ffc41550000 - 0x00007ffc4155e000 	C:\WINDOWS\SYSTEM32\HID.DLL
0x00007ffc46d50000 - 0x00007ffc471c6000 	C:\WINDOWS\System32\SETUPAPI.DLL
0x00007ffc43610000 - 0x00007ffc43669000 	C:\WINDOWS\System32\WINTRUST.dll
0x00007ffc056a0000 - 0x00007ffc057c7000 	C:\WINDOWS\SYSTEM32\opengl32.dll
0x00007ffc288a0000 - 0x00007ffc288cc000 	C:\WINDOWS\SYSTEM32\GLU32.dll
0x0000000059490000 - 0x000000005bb50000 	C:\WINDOWS\System32\DriverStore\FileRepository\nv_dispi.inf_amd64_c5dc31c3a136544a\nvoglv64.dll
0x00007ffc43e00000 - 0x00007ffc43f55000 	C:\WINDOWS\System32\ole32.dll
0x00007ffc3f0e0000 - 0x00007ffc3f0f3000 	C:\WINDOWS\SYSTEM32\WTSAPI32.dll
0x00007ffc00d50000 - 0x00007ffc01002000 	C:\WINDOWS\system32\nvspcap64.dll
0x00007ffc41990000 - 0x00007ffc419e8000 	C:\WINDOWS\SYSTEM32\WINSTA.dll
0x00007ffc36810000 - 0x00007ffc368a5000 	C:\WINDOWS\System32\TextInputFramework.dll
0x00007ffc28840000 - 0x00007ffc28898000 	E:\all-Workspace\minecraft-Workspace\lwxjgl3-project-mcp908\jars\versions\1.7.10\1.7.10-natives\lwjgl_opengl.dll
0x0000000070a40000 - 0x0000000070adc000 	E:\all-Workspace\minecraft-Workspace\lwxjgl3-project-mcp908\jars\versions\1.7.10\1.7.10-natives\avutil-ttv-51.dll
0x0000000065980000 - 0x00000000659d6000 	E:\all-Workspace\minecraft-Workspace\lwxjgl3-project-mcp908\jars\versions\1.7.10\1.7.10-natives\swresample-ttv-0.dll
0x000000006eb80000 - 0x000000006ec50000 	E:\all-Workspace\minecraft-Workspace\lwxjgl3-project-mcp908\jars\versions\1.7.10\1.7.10-natives\libmp3lame-ttv.dll
0x00007ffbf3920000 - 0x00007ffbf4cc4000 	E:\all-Workspace\minecraft-Workspace\lwxjgl3-project-mcp908\jars\versions\1.7.10\1.7.10-natives\libmfxsw64.dll
0x00007ffc032e0000 - 0x00007ffc0340b000 	E:\all-Workspace\minecraft-Workspace\lwxjgl3-project-mcp908\jars\versions\1.7.10\1.7.10-natives\twitchsdk.dll
0x00007ffc44aa0000 - 0x00007ffc44f81000 	C:\WINDOWS\System32\WININET.dll
0x00007ffc3c6b0000 - 0x00007ffc3c89d000 	C:\WINDOWS\SYSTEM32\dbghelp.dll

VM Arguments:
jvm_args: -Xincgc -Xmx1024M -Xms1024M -Djava.library.path=E:\all-Workspace\minecraft-Workspace\lwxjgl3-project-mcp908\jars\versions\1.7.10\1.7.10-natives -Dfile.encoding=Cp1252 
java_command: Start
java_class_path (initial): E:\all-Workspace\minecraft-Workspace\lwxjgl3-project-mcp908\eclipse\Client\bin;E:\all-Workspace\minecraft-Workspace\lwxjgl3-project-mcp908\jars\versions\1.7.10\1.7.10.jar;E:\all-Workspace\minecraft-Workspace\lwxjgl3-project-mcp908\jars\libraries\org\apache\commons\commons-compress\1.8.1\commons-compress-1.8.1.jar;E:\all-Workspace\minecraft-Workspace\lwxjgl3-project-mcp908\jars\libraries\org\apache\httpcomponents\httpclient\4.3.3\httpclient-4.3.3.jar;E:\all-Workspace\minecraft-Workspace\lwxjgl3-project-mcp908\jars\libraries\commons-logging\commons-logging\1.1.3\commons-logging-1.1.3.jar;E:\all-Workspace\minecraft-Workspace\lwxjgl3-project-mcp908\jars\libraries\org\apache\httpcomponents\httpcore\4.3.2\httpcore-4.3.2.jar;E:\all-Workspace\minecraft-Workspace\lwxjgl3-project-mcp908\jars\libraries\net\sf\trove4j\trove4j\3.0.3\trove4j-3.0.3.jar;E:\all-Workspace\minecraft-Workspace\lwxjgl3-project-mcp908\jars\libraries\com\ibm\icu\icu4j-core-mojang\51.2\icu4j-core-mojang-51.2.jar;E:\all-Workspace\minecraft-Workspace\lwxjgl3-project-mcp908\jars\libraries\net\sf\jopt-simple\jopt-simple\4.5\jopt-simple-4.5.jar;E:\all-Workspace\minecraft-Workspace\lwxjgl3-project-mcp908\jars\libraries\com\paulscode\codecjorbis\20101023\codecjorbis-20101023.jar;E:\all-Workspace\minecraft-Workspace\lwxjgl3-project-mcp908\jars\libraries\com\paulscode\codecwav\20101023\codecwav-20101023.jar;E:\all-Workspace\minecraft-Workspace\lwxjgl3-project-mcp908\jars\libraries\com\paulscode\libraryjavasound\20101123\libraryjavasound-20101123.jar;E:\all-Workspace\minecraft-Workspace\lwxjgl3-project-mcp908\jars\libraries\com\paulscode\librarylwjglopenal\20100824\librarylwjglopenal-20100824.jar;E:\all-Workspace\minecraft-Workspace\lwxjgl3-project-mcp908\jars\libraries\com\paulscode\soundsystem\20120107\soundsystem-20120107.jar;E:\all-Workspace\minecraft-Workspace\lwxjgl3-project-mcp908\jars\libraries\io\netty\netty-all\4.0.10.Final\netty-all-4.0.10.Final.jar;E:\all-Workspace\minecraft-
Launcher Type: SUN_STANDARD

Environment Variables:
JAVA_HOME=C:\Program Files\Java\jdk-11.0.2
JRE_HOME=C:\Program Files\Java\jdk-11.0.2
PATH=C:/Program Files/Java/jre1.8.0_211/bin/server;C:/Program Files/Java/jre1.8.0_211/bin;C:/Program Files/Java/jre1.8.0_211/lib/amd64;C:\Program Files (x86)\Common Files\Oracle\Java\javapath;C:\ProgramData\Oracle\Java\javapath;C:\Program Files (x86)\Intel\iCLS Client\;C:\Program Files\Intel\iCLS Client\;C:\Windows\system32;C:\Windows;C:\Windows\System32\Wbem;C:\Windows\System32\WindowsPowerShell\v1.0\;C:\Program Files\Intel\Intel(R) Management Engine Components\DAL;C:\Program Files\Intel\Intel(R) Management Engine Components\IPT;C:\Program Files (x86)\Intel\Intel(R) Management Engine Components\DAL;C:\Program Files (x86)\Intel\Intel(R) Management Engine Components\IPT;C:\Program Files (x86)\NVIDIA Corporation\PhysX\Common;E:\Programmes\SASM\NASM;E:\Programmes\GCC\bin;C:\adb;C:\Program Files\Java\jdk1.8.0_162\bin;E:\Programmes\OpenSSH\bin;E:\Programmes\Putty\;E:\Programmes\SilkSVN\bin;C:\Program Files\dotnet\;C:\Program Files\Microsoft SQL Server\130\Tools\Binn\;C:\Program Files\CMake\bin;E:\wamp64\bin\php\php7.2.4;C:\ProgramData\ComposerSetup\bin;C:\Program Files\NVIDIA Corporation\NVIDIA NvDLISR;E:\Programmes\Git\cmd;C:\WINDOWS\system32;C:\WINDOWS;C:\WINDOWS\System32\Wbem;C:\WINDOWS\System32\WindowsPowerShell\v1.0\;C:\WINDOWS\System32\OpenSSH\;E:\Programmes\Ruby25-x64\bin;C:\Users\CodeMajorGeek\AppData\Local\Programs\Python\Python37-32\Scripts\;C:\Users\CodeMajorGeek\AppData\Local\Programs\Python\Python37-32\;E:\Programmes\Nmap;C:\Users\CodeMajorGeek\AppData\Local\GitHubDesktop\bin;C:\Users\CodeMajorGeek\AppData\Local\atom\bin;C:\Users\CodeMajorGeek\AppData\Roaming\Composer\vendor\bin;E:\Programmes\Microsoft VS Code\bin;C:\cygwin\bin;;%USERPROFILE%\AppData\Local\Microsoft\WindowsApps;C:\Users\CodeMajorGeek\Desktop;
USERNAME=CodeMajorGeek
OS=Windows_NT
PROCESSOR_IDENTIFIER=Intel64 Family 6 Model 58 Stepping 9, GenuineIntel



---------------  S Y S T E M  ---------------

OS: Windows 10.0 , 64 bit Build 17763 (10.0.17763.475)

CPU:total 4 (initial active 4) (4 cores per cpu, 1 threads per core) family 6 model 58 stepping 9, cmov, cx8, fxsr, mmx, sse, sse2, sse3, ssse3, sse4.1, sse4.2, popcnt, avx, aes, clmul, erms, tsc, tscinvbit, tscinv

Memory: 4k page, physical 16724408k(9526324k free), swap 33501624k(22967340k free)

vm_info: Java HotSpot(TM) 64-Bit Server VM (25.211-b12) for windows-amd64 JRE (1.8.0_211-b12), built on Apr  1 2019 20:53:26 by "java_re" with MS VC++ 10.0 (VS2010)

time: Thu Jul 11 16:30:27 2019
timezone: Paris, Madrid (heure d’été)
elapsed time: 4 seconds (0d 0h 0m 4s)

